<?xml version="1.0" encoding="UTF-8"?>
<testng-results ignored="2" total="5" passed="2" failed="1" skipped="0">
  <reporter-output>
  </reporter-output>
  <suite started-at="2023-02-08T02:49:15 GMT" name="Suite" finished-at="2023-02-08T02:49:20 GMT" duration-ms="5061">
    <groups>
    </groups>
    <test started-at="2023-02-08T02:49:15 GMT" name="standard_user_login Tests" finished-at="2023-02-08T02:49:19 GMT" duration-ms="4548">
      <class name="SwagLabsE2E.LoginPageTest">
        <test-method signature="standard_user_login()[pri:0, instance:SwagLabsE2E.LoginPageTest@33ecda92]" started-at="2023-02-08T02:49:15 GMT" name="standard_user_login" finished-at="2023-02-08T02:49:19 GMT" duration-ms="4244" status="PASS">
          <reporter-output>
          </reporter-output>
        </test-method> <!-- standard_user_login -->
        <test-method is-config="true" signature="closedriver()[pri:0, instance:SwagLabsE2E.LoginPageTest@33ecda92]" started-at="2023-02-08T02:49:19 GMT" name="closedriver" finished-at="2023-02-08T02:49:19 GMT" duration-ms="226" status="PASS">
          <reporter-output>
          </reporter-output>
        </test-method> <!-- closedriver -->
      </class> <!-- SwagLabsE2E.LoginPageTest -->
    </test> <!-- standard_user_login Tests -->
    <test started-at="2023-02-08T02:49:15 GMT" name="Inventory Function Tests" finished-at="2023-02-08T02:49:20 GMT" duration-ms="5060">
      <class name="SwagLabsE2E.InventoryPageTest">
        <test-method signature="AddToCart()[pri:0, instance:SwagLabsE2E.InventoryPageTest@41330d4f]" started-at="2023-02-08T02:49:15 GMT" name="AddToCart" finished-at="2023-02-08T02:49:20 GMT" duration-ms="4708" status="PASS">
          <reporter-output>
          </reporter-output>
        </test-method> <!-- AddToCart -->
        <test-method is-config="true" signature="closrdriver()[pri:0, instance:SwagLabsE2E.InventoryPageTest@41330d4f]" started-at="2023-02-08T02:49:20 GMT" name="closrdriver" finished-at="2023-02-08T02:49:20 GMT" duration-ms="283" status="PASS">
          <reporter-output>
          </reporter-output>
        </test-method> <!-- closrdriver -->
      </class> <!-- SwagLabsE2E.InventoryPageTest -->
    </test> <!-- Inventory Function Tests -->
    <test started-at="2023-02-08T02:49:15 GMT" name="locked_out_login Tests" finished-at="2023-02-08T02:49:19 GMT" duration-ms="4694">
      <class name="SwagLabsE2E.LoginPageTest">
        <test-method signature="locked_out_login()[pri:0, instance:SwagLabsE2E.LoginPageTest@51891008]" started-at="2023-02-08T02:49:15 GMT" name="locked_out_login" finished-at="2023-02-08T02:49:19 GMT" duration-ms="4136" status="FAIL">
          <exception class="java.lang.AssertionError">
            <message>
              <![CDATA[expected [Epic sadface: Sorry, this user has been locked out] but found [Epic sadface: Sorry, this user has been locked out.]]]>
            </message>
            <full-stacktrace>
              <![CDATA[java.lang.AssertionError: expected [Epic sadface: Sorry, this user has been locked out] but found [Epic sadface: Sorry, this user has been locked out.]
at org.testng.Assert.fail(Assert.java:99)
at org.testng.Assert.failNotEquals(Assert.java:1037)
at org.testng.Assert.assertEqualsImpl(Assert.java:140)
at org.testng.Assert.assertEquals(Assert.java:122)
at org.testng.Assert.assertEquals(Assert.java:629)
at org.testng.Assert.assertEquals(Assert.java:639)
at SwagLabsE2E.LoginPageTest.locked_out_login(LoginPageTest.java:26)
at java.base/jdk.internal.reflect.DirectMethodHandleAccessor.invoke(DirectMethodHandleAccessor.java:104)
at java.base/java.lang.reflect.Method.invoke(Method.java:578)
at org.testng.internal.MethodInvocationHelper.invokeMethod(MethodInvocationHelper.java:133)
at org.testng.internal.TestInvoker.invokeMethod(TestInvoker.java:598)
at org.testng.internal.TestInvoker.invokeTestMethod(TestInvoker.java:173)
at org.testng.internal.MethodRunner.runInSequence(MethodRunner.java:46)
at org.testng.internal.TestInvoker$MethodInvocationAgent.invoke(TestInvoker.java:824)
at org.testng.internal.TestInvoker.invokeTestMethods(TestInvoker.java:146)
at org.testng.internal.TestMethodWorker.invokeTestMethods(TestMethodWorker.java:146)
at org.testng.internal.TestMethodWorker.run(TestMethodWorker.java:128)
at java.base/java.util.ArrayList.forEach(ArrayList.java:1511)
at org.testng.TestRunner.privateRun(TestRunner.java:794)
at org.testng.TestRunner.run(TestRunner.java:596)
at org.testng.SuiteRunner.runTest(SuiteRunner.java:377)
at org.testng.SuiteRunner.access$000(SuiteRunner.java:28)
at org.testng.SuiteRunner$SuiteWorker.run(SuiteRunner.java:418)
at org.testng.internal.thread.ThreadUtil.lambda$execute$0(ThreadUtil.java:64)
at java.base/java.util.concurrent.FutureTask.run(FutureTask.java:317)
at java.base/java.util.concurrent.ThreadPoolExecutor.runWorker(ThreadPoolExecutor.java:1144)
at java.base/java.util.concurrent.ThreadPoolExecutor$Worker.run(ThreadPoolExecutor.java:642)
at java.base/java.lang.Thread.run(Thread.java:1589)
]]>
            </full-stacktrace>
          </exception> <!-- java.lang.AssertionError -->
          <reporter-output>
          </reporter-output>
        </test-method> <!-- locked_out_login -->
        <test-method is-config="true" signature="closedriver()[pri:0, instance:SwagLabsE2E.LoginPageTest@51891008]" started-at="2023-02-08T02:49:19 GMT" name="closedriver" finished-at="2023-02-08T02:49:19 GMT" duration-ms="121" status="PASS">
          <reporter-output>
          </reporter-output>
        </test-method> <!-- closedriver -->
      </class> <!-- SwagLabsE2E.LoginPageTest -->
    </test> <!-- locked_out_login Tests -->
  </suite> <!-- Suite -->
</testng-results>
